<?xml version="1.0" encoding="UTF-8"?>
<robot generator="Robot 7.2.2 (Python 3.11.2 on win32)" generated="2025-03-24T22:37:02.811586" rpa="false" schemaversion="5">
<suite id="s1" name="Tests" source="C:\Users\Gabriel\Desktop\Coisas de programaçao\projeto_robot\projeto_robot\tests">
<suite id="s1-s1" name="Cadastro" source="C:\Users\Gabriel\Desktop\Coisas de programaçao\projeto_robot\projeto_robot\tests\cadastro">
<suite id="s1-s1-s1" name="Cadastro" source="C:\Users\Gabriel\Desktop\Coisas de programaçao\projeto_robot\projeto_robot\tests\cadastro\cadastro.robot">
<test id="s1-s1-s1-t1" name="Cadastro - Cadastro com E-mail e Senha" line="14">
<kw name="Acessar Tela Inicial" owner="keywords">
<kw name="Open Browser" owner="SeleniumLibrary">
<msg time="2025-03-24T22:37:03.155317" level="INFO">Opening browser 'Chrome' to base url 'https://teste-estagiarios.vercel.app/'.</msg>
<arg>${URL}</arg>
<arg>${BROWSER}</arg>
<doc>Opens a new browser instance to the optional ``url``.</doc>
<status status="PASS" start="2025-03-24T22:37:03.154319" elapsed="3.102460"/>
</kw>
<kw name="Maximize Browser Window" owner="SeleniumLibrary">
<doc>Maximizes current browser window.</doc>
<status status="PASS" start="2025-03-24T22:37:06.256779" elapsed="0.033909"/>
</kw>
<kw name="Wait Until Element Is Visible" owner="SeleniumLibrary">
<arg>${XPATH_PASSWORD_AUTH}</arg>
<arg>10s</arg>
<doc>Waits until the element ``locator`` is visible.</doc>
<status status="PASS" start="2025-03-24T22:37:06.290688" elapsed="0.070895"/>
</kw>
<kw name="Click Element" owner="SeleniumLibrary">
<msg time="2025-03-24T22:37:06.361583" level="INFO">Clicking element 'xpath=//p[contains(text(), 'Password-based Authentication.')]'.</msg>
<arg>${XPATH_PASSWORD_AUTH}</arg>
<doc>Click the element identified by ``locator``.</doc>
<status status="PASS" start="2025-03-24T22:37:06.361583" elapsed="0.051861"/>
</kw>
<doc>Abre o navegador, maximiza a janela e clica no botão "Password-based Authentication."</doc>
<status status="PASS" start="2025-03-24T22:37:03.153322" elapsed="3.260122"/>
</kw>
<kw name="Acessar Tela de Cadastro" owner="keywords">
<kw name="Wait Until Element Is Visible" owner="SeleniumLibrary">
<arg>${XPATH_CREATE_ACCOUNT}</arg>
<arg>10s</arg>
<doc>Waits until the element ``locator`` is visible.</doc>
<status status="PASS" start="2025-03-24T22:37:06.414441" elapsed="0.018950"/>
</kw>
<kw name="Click Element" owner="SeleniumLibrary">
<msg time="2025-03-24T22:37:06.433391" level="INFO">Clicking element 'xpath=//a[@href='/password/signup']'.</msg>
<arg>${XPATH_CREATE_ACCOUNT}</arg>
<doc>Click the element identified by ``locator``.</doc>
<status status="PASS" start="2025-03-24T22:37:06.433391" elapsed="0.045878"/>
</kw>
<doc>Clica no botão "Create a new account" para acessar a tela de cadastro.</doc>
<status status="PASS" start="2025-03-24T22:37:06.414441" elapsed="0.064828"/>
</kw>
<kw name="FakerLibrary.email">
<msg time="2025-03-24T22:37:06.481262" level="FAIL">No keyword with name 'FakerLibrary.email' found.</msg>
<var>${EMAIL}</var>
<status status="FAIL" start="2025-03-24T22:37:06.481262" elapsed="0.000000">No keyword with name 'FakerLibrary.email' found.</status>
</kw>
<kw name="Preencher Campos de Login" owner="keywords">
<arg>${EMAIL}</arg>
<arg>${STRONG_PASSWORD}</arg>
<doc>Preenche os campos de e-mail e senha no formulário de login.</doc>
<status status="NOT RUN" start="2025-03-24T22:37:06.482261" elapsed="0.000000"/>
</kw>
<kw name="Clicar Botão Signup" owner="keywords">
<doc>Clica no botão de cadastro (Signup).</doc>
<status status="NOT RUN" start="2025-03-24T22:37:06.482261" elapsed="0.000000"/>
</kw>
<kw name="Verificar Redirecionamento Cadastro" owner="keywords">
<doc>Verifica se o redirecionamento após cadastro foi bem-sucedido.</doc>
<status status="NOT RUN" start="2025-03-24T22:37:06.482261" elapsed="0.000000"/>
</kw>
<kw name="Capture Page Screenshot" owner="SeleniumLibrary">
<arg>cadastro_faker.png</arg>
<doc>Takes a screenshot of the current page and embeds it into a log file.</doc>
<status status="NOT RUN" start="2025-03-24T22:37:06.482261" elapsed="0.000000"/>
</kw>
<kw name="Fechar Navegador" owner="keywords">
<doc>Fecha o navegador.</doc>
<status status="NOT RUN" start="2025-03-24T22:37:06.483258" elapsed="0.000000"/>
</kw>
<status status="FAIL" start="2025-03-24T22:37:03.153322" elapsed="3.329936">No keyword with name 'FakerLibrary.email' found.</status>
</test>
<test id="s1-s1-s1-t2" name="Cadastro - Senha Vazia" line="25">
<kw name="Acessar Tela Inicial" owner="keywords">
<kw name="Open Browser" owner="SeleniumLibrary">
<msg time="2025-03-24T22:37:06.485252" level="INFO">Opening browser 'Chrome' to base url 'https://teste-estagiarios.vercel.app/'.</msg>
<arg>${URL}</arg>
<arg>${BROWSER}</arg>
<doc>Opens a new browser instance to the optional ``url``.</doc>
<status status="PASS" start="2025-03-24T22:37:06.484254" elapsed="1.481412"/>
</kw>
<kw name="Maximize Browser Window" owner="SeleniumLibrary">
<doc>Maximizes current browser window.</doc>
<status status="PASS" start="2025-03-24T22:37:07.965666" elapsed="0.030917"/>
</kw>
<kw name="Wait Until Element Is Visible" owner="SeleniumLibrary">
<arg>${XPATH_PASSWORD_AUTH}</arg>
<arg>10s</arg>
<doc>Waits until the element ``locator`` is visible.</doc>
<status status="PASS" start="2025-03-24T22:37:07.997580" elapsed="0.015958"/>
</kw>
<kw name="Click Element" owner="SeleniumLibrary">
<msg time="2025-03-24T22:37:08.013538" level="INFO">Clicking element 'xpath=//p[contains(text(), 'Password-based Authentication.')]'.</msg>
<arg>${XPATH_PASSWORD_AUTH}</arg>
<doc>Click the element identified by ``locator``.</doc>
<status status="PASS" start="2025-03-24T22:37:08.013538" elapsed="0.069814"/>
</kw>
<doc>Abre o navegador, maximiza a janela e clica no botão "Password-based Authentication."</doc>
<status status="PASS" start="2025-03-24T22:37:06.484254" elapsed="1.599098"/>
</kw>
<kw name="Acessar Tela de Cadastro" owner="keywords">
<kw name="Wait Until Element Is Visible" owner="SeleniumLibrary">
<arg>${XPATH_CREATE_ACCOUNT}</arg>
<arg>10s</arg>
<doc>Waits until the element ``locator`` is visible.</doc>
<status status="PASS" start="2025-03-24T22:37:08.084349" elapsed="0.220686"/>
</kw>
<kw name="Click Element" owner="SeleniumLibrary">
<msg time="2025-03-24T22:37:08.306031" level="INFO">Clicking element 'xpath=//a[@href='/password/signup']'.</msg>
<arg>${XPATH_CREATE_ACCOUNT}</arg>
<doc>Click the element identified by ``locator``.</doc>
<status status="PASS" start="2025-03-24T22:37:08.305035" elapsed="0.040890"/>
</kw>
<doc>Clica no botão "Create a new account" para acessar a tela de cadastro.</doc>
<status status="PASS" start="2025-03-24T22:37:08.084349" elapsed="0.261576"/>
</kw>
<kw name="FakerLibrary.email">
<msg time="2025-03-24T22:37:08.347921" level="FAIL">No keyword with name 'FakerLibrary.email' found.</msg>
<var>${EMAIL}</var>
<status status="FAIL" start="2025-03-24T22:37:08.347921" elapsed="0.000996">No keyword with name 'FakerLibrary.email' found.</status>
</kw>
<kw name="Preencher Campos de Login" owner="keywords">
<arg>${EMAIL}</arg>
<arg>${EMPTY}</arg>
<doc>Preenche os campos de e-mail e senha no formulário de login.</doc>
<status status="NOT RUN" start="2025-03-24T22:37:08.348917" elapsed="0.000000"/>
</kw>
<kw name="Clicar Botão Signup" owner="keywords">
<doc>Clica no botão de cadastro (Signup).</doc>
<status status="NOT RUN" start="2025-03-24T22:37:08.348917" elapsed="0.000000"/>
</kw>
<kw name="Wait Until Element Is Visible" owner="SeleniumLibrary">
<arg>xpath=//input[@type='password'][@required]</arg>
<arg>10s</arg>
<doc>Waits until the element ``locator`` is visible.</doc>
<status status="NOT RUN" start="2025-03-24T22:37:08.349915" elapsed="0.000000"/>
</kw>
<kw name="Capture Page Screenshot" owner="SeleniumLibrary">
<arg>cadastro_senha_vazia.png</arg>
<doc>Takes a screenshot of the current page and embeds it into a log file.</doc>
<status status="NOT RUN" start="2025-03-24T22:37:08.349915" elapsed="0.000000"/>
</kw>
<kw name="Fechar Navegador" owner="keywords">
<doc>Fecha o navegador.</doc>
<status status="NOT RUN" start="2025-03-24T22:37:08.349915" elapsed="0.000000"/>
</kw>
<status status="FAIL" start="2025-03-24T22:37:06.484254" elapsed="1.866658">No keyword with name 'FakerLibrary.email' found.</status>
</test>
<test id="s1-s1-s1-t3" name="Cadastro - E-mail Vazio" line="35">
<kw name="Acessar Tela Inicial" owner="keywords">
<kw name="Open Browser" owner="SeleniumLibrary">
<msg time="2025-03-24T22:37:08.351909" level="INFO">Opening browser 'Chrome' to base url 'https://teste-estagiarios.vercel.app/'.</msg>
<arg>${URL}</arg>
<arg>${BROWSER}</arg>
<doc>Opens a new browser instance to the optional ``url``.</doc>
<status status="PASS" start="2025-03-24T22:37:08.351909" elapsed="1.402123"/>
</kw>
<kw name="Maximize Browser Window" owner="SeleniumLibrary">
<doc>Maximizes current browser window.</doc>
<status status="PASS" start="2025-03-24T22:37:09.754032" elapsed="0.025933"/>
</kw>
<kw name="Wait Until Element Is Visible" owner="SeleniumLibrary">
<arg>${XPATH_PASSWORD_AUTH}</arg>
<arg>10s</arg>
<doc>Waits until the element ``locator`` is visible.</doc>
<status status="PASS" start="2025-03-24T22:37:09.779965" elapsed="0.015465"/>
</kw>
<kw name="Click Element" owner="SeleniumLibrary">
<msg time="2025-03-24T22:37:09.795430" level="INFO">Clicking element 'xpath=//p[contains(text(), 'Password-based Authentication.')]'.</msg>
<arg>${XPATH_PASSWORD_AUTH}</arg>
<doc>Click the element identified by ``locator``.</doc>
<status status="PASS" start="2025-03-24T22:37:09.795430" elapsed="0.060837"/>
</kw>
<doc>Abre o navegador, maximiza a janela e clica no botão "Password-based Authentication."</doc>
<status status="PASS" start="2025-03-24T22:37:08.351909" elapsed="1.504358"/>
</kw>
<kw name="Acessar Tela de Cadastro" owner="keywords">
<kw name="Wait Until Element Is Visible" owner="SeleniumLibrary">
<arg>${XPATH_CREATE_ACCOUNT}</arg>
<arg>10s</arg>
<doc>Waits until the element ``locator`` is visible.</doc>
<status status="PASS" start="2025-03-24T22:37:09.857264" elapsed="0.219414"/>
</kw>
<kw name="Click Element" owner="SeleniumLibrary">
<msg time="2025-03-24T22:37:10.076678" level="INFO">Clicking element 'xpath=//a[@href='/password/signup']'.</msg>
<arg>${XPATH_CREATE_ACCOUNT}</arg>
<doc>Click the element identified by ``locator``.</doc>
<status status="PASS" start="2025-03-24T22:37:10.076678" elapsed="0.039894"/>
</kw>
<doc>Clica no botão "Create a new account" para acessar a tela de cadastro.</doc>
<status status="PASS" start="2025-03-24T22:37:09.856267" elapsed="0.260305"/>
</kw>
<kw name="Preencher Campos de Login" owner="keywords">
<kw name="Wait Until Element Is Visible" owner="SeleniumLibrary">
<arg>${XPATH_EMAIL_INPUT}</arg>
<arg>10s</arg>
<doc>Waits until the element ``locator`` is visible.</doc>
<status status="PASS" start="2025-03-24T22:37:10.117568" elapsed="0.012619"/>
</kw>
<kw name="Input Text" owner="SeleniumLibrary">
<msg time="2025-03-24T22:37:10.130187" level="INFO">Typing text '' into text field 'xpath=//input[@type='email']'.</msg>
<arg>${XPATH_EMAIL_INPUT}</arg>
<arg>${email}</arg>
<doc>Types the given ``text`` into the text field identified by ``locator``.</doc>
<status status="PASS" start="2025-03-24T22:37:10.130187" elapsed="0.048869"/>
</kw>
<kw name="Wait Until Element Is Visible" owner="SeleniumLibrary">
<arg>${XPATH_PASSWORD_INPUT}</arg>
<arg>10s</arg>
<doc>Waits until the element ``locator`` is visible.</doc>
<status status="PASS" start="2025-03-24T22:37:10.179056" elapsed="0.012965"/>
</kw>
<kw name="Input Text" owner="SeleniumLibrary">
<msg time="2025-03-24T22:37:10.192021" level="INFO">Typing text 'Teste@1234' into text field 'xpath=//input[@type='password']'.</msg>
<arg>${XPATH_PASSWORD_INPUT}</arg>
<arg>${senha}</arg>
<doc>Types the given ``text`` into the text field identified by ``locator``.</doc>
<status status="PASS" start="2025-03-24T22:37:10.192021" elapsed="0.047875"/>
</kw>
<arg>${EMPTY}</arg>
<arg>${STRONG_PASSWORD}</arg>
<doc>Preenche os campos de e-mail e senha no formulário de login.</doc>
<status status="PASS" start="2025-03-24T22:37:10.116572" elapsed="0.123324"/>
</kw>
<kw name="Clicar Botão Signup" owner="keywords">
<kw name="Click Button" owner="SeleniumLibrary">
<msg time="2025-03-24T22:37:10.239896" level="INFO">Clicking button 'xpath=//button[contains(text(), 'Signup')]'.</msg>
<arg>${XPATH_SIGNUP_BUTTON}</arg>
<doc>Clicks the button identified by ``locator``.</doc>
<status status="PASS" start="2025-03-24T22:37:10.239896" elapsed="0.050865"/>
</kw>
<doc>Clica no botão de cadastro (Signup).</doc>
<status status="PASS" start="2025-03-24T22:37:10.239896" elapsed="0.050865"/>
</kw>
<kw name="Wait Until Element Is Visible" owner="SeleniumLibrary">
<arg>xpath=//input[@type='email'][@required]</arg>
<arg>10s</arg>
<doc>Waits until the element ``locator`` is visible.</doc>
<status status="PASS" start="2025-03-24T22:37:10.291758" elapsed="0.011967"/>
</kw>
<kw name="Capture Page Screenshot" owner="SeleniumLibrary">
<msg time="2025-03-24T22:37:10.535671" level="INFO" html="true">&lt;/td&gt;&lt;/tr&gt;&lt;tr&gt;&lt;td colspan="3"&gt;&lt;a href="cadastro_email_vazio.png"&gt;&lt;img src="cadastro_email_vazio.png" width="800px"&gt;&lt;/a&gt;</msg>
<arg>cadastro_email_vazio.png</arg>
<doc>Takes a screenshot of the current page and embeds it into a log file.</doc>
<status status="PASS" start="2025-03-24T22:37:10.303725" elapsed="0.231946"/>
</kw>
<kw name="Fechar Navegador" owner="keywords">
<kw name="Close Browser" owner="SeleniumLibrary">
<doc>Closes the current browser.</doc>
<status status="PASS" start="2025-03-24T22:37:10.535671" elapsed="2.086509"/>
</kw>
<doc>Fecha o navegador.</doc>
<status status="PASS" start="2025-03-24T22:37:10.535671" elapsed="2.086509"/>
</kw>
<status status="PASS" start="2025-03-24T22:37:08.350912" elapsed="4.272265"/>
</test>
<test id="s1-s1-s1-t4" name="Cadastro - Formato de E-mail Inválido" line="45">
<kw name="Acessar Tela Inicial" owner="keywords">
<kw name="Open Browser" owner="SeleniumLibrary">
<msg time="2025-03-24T22:37:12.624175" level="INFO">Opening browser 'Chrome' to base url 'https://teste-estagiarios.vercel.app/'.</msg>
<arg>${URL}</arg>
<arg>${BROWSER}</arg>
<doc>Opens a new browser instance to the optional ``url``.</doc>
<status status="PASS" start="2025-03-24T22:37:12.624175" elapsed="1.350568"/>
</kw>
<kw name="Maximize Browser Window" owner="SeleniumLibrary">
<doc>Maximizes current browser window.</doc>
<status status="PASS" start="2025-03-24T22:37:13.974743" elapsed="0.031914"/>
</kw>
<kw name="Wait Until Element Is Visible" owner="SeleniumLibrary">
<arg>${XPATH_PASSWORD_AUTH}</arg>
<arg>10s</arg>
<doc>Waits until the element ``locator`` is visible.</doc>
<status status="PASS" start="2025-03-24T22:37:14.006657" elapsed="0.014961"/>
</kw>
<kw name="Click Element" owner="SeleniumLibrary">
<msg time="2025-03-24T22:37:14.021618" level="INFO">Clicking element 'xpath=//p[contains(text(), 'Password-based Authentication.')]'.</msg>
<arg>${XPATH_PASSWORD_AUTH}</arg>
<doc>Click the element identified by ``locator``.</doc>
<status status="PASS" start="2025-03-24T22:37:14.021618" elapsed="0.054853"/>
</kw>
<doc>Abre o navegador, maximiza a janela e clica no botão "Password-based Authentication."</doc>
<status status="PASS" start="2025-03-24T22:37:12.624175" elapsed="1.452296"/>
</kw>
<kw name="Acessar Tela de Cadastro" owner="keywords">
<kw name="Wait Until Element Is Visible" owner="SeleniumLibrary">
<arg>${XPATH_CREATE_ACCOUNT}</arg>
<arg>10s</arg>
<doc>Waits until the element ``locator`` is visible.</doc>
<status status="PASS" start="2025-03-24T22:37:14.077467" elapsed="0.220411"/>
</kw>
<kw name="Click Element" owner="SeleniumLibrary">
<msg time="2025-03-24T22:37:14.298876" level="INFO">Clicking element 'xpath=//a[@href='/password/signup']'.</msg>
<arg>${XPATH_CREATE_ACCOUNT}</arg>
<doc>Click the element identified by ``locator``.</doc>
<status status="PASS" start="2025-03-24T22:37:14.297878" elapsed="0.041888"/>
</kw>
<doc>Clica no botão "Create a new account" para acessar a tela de cadastro.</doc>
<status status="PASS" start="2025-03-24T22:37:14.077467" elapsed="0.262299"/>
</kw>
<kw name="Preencher Campos de Login" owner="keywords">
<kw name="Wait Until Element Is Visible" owner="SeleniumLibrary">
<arg>${XPATH_EMAIL_INPUT}</arg>
<arg>10s</arg>
<doc>Waits until the element ``locator`` is visible.</doc>
<status status="PASS" start="2025-03-24T22:37:14.340765" elapsed="0.012964"/>
</kw>
<kw name="Input Text" owner="SeleniumLibrary">
<msg time="2025-03-24T22:37:14.354727" level="INFO">Typing text 'teste.com' into text field 'xpath=//input[@type='email']'.</msg>
<arg>${XPATH_EMAIL_INPUT}</arg>
<arg>${email}</arg>
<doc>Types the given ``text`` into the text field identified by ``locator``.</doc>
<status status="PASS" start="2025-03-24T22:37:14.353729" elapsed="0.068816"/>
</kw>
<kw name="Wait Until Element Is Visible" owner="SeleniumLibrary">
<arg>${XPATH_PASSWORD_INPUT}</arg>
<arg>10s</arg>
<doc>Waits until the element ``locator`` is visible.</doc>
<status status="PASS" start="2025-03-24T22:37:14.422545" elapsed="0.012965"/>
</kw>
<kw name="Input Text" owner="SeleniumLibrary">
<msg time="2025-03-24T22:37:14.435510" level="INFO">Typing text 'Teste@1234' into text field 'xpath=//input[@type='password']'.</msg>
<arg>${XPATH_PASSWORD_INPUT}</arg>
<arg>${senha}</arg>
<doc>Types the given ``text`` into the text field identified by ``locator``.</doc>
<status status="PASS" start="2025-03-24T22:37:14.435510" elapsed="0.046875"/>
</kw>
<arg>teste.com</arg>
<arg>${STRONG_PASSWORD}</arg>
<doc>Preenche os campos de e-mail e senha no formulário de login.</doc>
<status status="PASS" start="2025-03-24T22:37:14.340765" elapsed="0.141620"/>
</kw>
<kw name="Clicar Botão Signup" owner="keywords">
<kw name="Click Button" owner="SeleniumLibrary">
<msg time="2025-03-24T22:37:14.482385" level="INFO">Clicking button 'xpath=//button[contains(text(), 'Signup')]'.</msg>
<arg>${XPATH_SIGNUP_BUTTON}</arg>
<doc>Clicks the button identified by ``locator``.</doc>
<status status="PASS" start="2025-03-24T22:37:14.482385" elapsed="0.055261"/>
</kw>
<doc>Clica no botão de cadastro (Signup).</doc>
<status status="PASS" start="2025-03-24T22:37:14.482385" elapsed="0.055261"/>
</kw>
<kw name="Wait Until Element Is Visible" owner="SeleniumLibrary">
<arg>xpath=//input[@type='email'][@required]</arg>
<arg>10s</arg>
<doc>Waits until the element ``locator`` is visible.</doc>
<status status="PASS" start="2025-03-24T22:37:14.537646" elapsed="0.015958"/>
</kw>
<kw name="Capture Page Screenshot" owner="SeleniumLibrary">
<msg time="2025-03-24T22:37:14.802448" level="INFO" html="true">&lt;/td&gt;&lt;/tr&gt;&lt;tr&gt;&lt;td colspan="3"&gt;&lt;a href="cadastro_email_invalido.png"&gt;&lt;img src="cadastro_email_invalido.png" width="800px"&gt;&lt;/a&gt;</msg>
<arg>cadastro_email_invalido.png</arg>
<doc>Takes a screenshot of the current page and embeds it into a log file.</doc>
<status status="PASS" start="2025-03-24T22:37:14.554602" elapsed="0.248842"/>
</kw>
<kw name="Fechar Navegador" owner="keywords">
<kw name="Close Browser" owner="SeleniumLibrary">
<doc>Closes the current browser.</doc>
<status status="PASS" start="2025-03-24T22:37:14.803444" elapsed="2.087683"/>
</kw>
<doc>Fecha o navegador.</doc>
<status status="PASS" start="2025-03-24T22:37:14.803444" elapsed="2.087683"/>
</kw>
<status status="PASS" start="2025-03-24T22:37:12.623177" elapsed="4.267950"/>
</test>
<test id="s1-s1-s1-t5" name="Cadastro - Dados Muito Longos" line="55">
<kw name="Acessar Tela Inicial" owner="keywords">
<kw name="Open Browser" owner="SeleniumLibrary">
<msg time="2025-03-24T22:37:16.892120" level="INFO">Opening browser 'Chrome' to base url 'https://teste-estagiarios.vercel.app/'.</msg>
<arg>${URL}</arg>
<arg>${BROWSER}</arg>
<doc>Opens a new browser instance to the optional ``url``.</doc>
<status status="PASS" start="2025-03-24T22:37:16.892120" elapsed="1.355965"/>
</kw>
<kw name="Maximize Browser Window" owner="SeleniumLibrary">
<doc>Maximizes current browser window.</doc>
<status status="PASS" start="2025-03-24T22:37:18.248085" elapsed="0.029921"/>
</kw>
<kw name="Wait Until Element Is Visible" owner="SeleniumLibrary">
<arg>${XPATH_PASSWORD_AUTH}</arg>
<arg>10s</arg>
<doc>Waits until the element ``locator`` is visible.</doc>
<status status="PASS" start="2025-03-24T22:37:18.278006" elapsed="0.020943"/>
</kw>
<kw name="Click Element" owner="SeleniumLibrary">
<msg time="2025-03-24T22:37:18.298949" level="INFO">Clicking element 'xpath=//p[contains(text(), 'Password-based Authentication.')]'.</msg>
<arg>${XPATH_PASSWORD_AUTH}</arg>
<doc>Click the element identified by ``locator``.</doc>
<status status="PASS" start="2025-03-24T22:37:18.298949" elapsed="0.080784"/>
</kw>
<doc>Abre o navegador, maximiza a janela e clica no botão "Password-based Authentication."</doc>
<status status="PASS" start="2025-03-24T22:37:16.892120" elapsed="1.487613"/>
</kw>
<kw name="Acessar Tela de Cadastro" owner="keywords">
<kw name="Wait Until Element Is Visible" owner="SeleniumLibrary">
<arg>${XPATH_CREATE_ACCOUNT}</arg>
<arg>10s</arg>
<doc>Waits until the element ``locator`` is visible.</doc>
<status status="PASS" start="2025-03-24T22:37:18.379733" elapsed="0.027925"/>
</kw>
<kw name="Click Element" owner="SeleniumLibrary">
<msg time="2025-03-24T22:37:18.408656" level="INFO">Clicking element 'xpath=//a[@href='/password/signup']'.</msg>
<arg>${XPATH_CREATE_ACCOUNT}</arg>
<doc>Click the element identified by ``locator``.</doc>
<status status="PASS" start="2025-03-24T22:37:18.408656" elapsed="0.039893"/>
</kw>
<doc>Clica no botão "Create a new account" para acessar a tela de cadastro.</doc>
<status status="PASS" start="2025-03-24T22:37:18.379733" elapsed="0.068816"/>
</kw>
<kw name="Evaluate" owner="BuiltIn">
<msg time="2025-03-24T22:37:18.449546" level="INFO">${LONG_EMAIL} = aaaaaaaaaaaaaaaaaaaaaaaaaaaaaaaaaaaaaaaaaaaaaaaaaaaaaaaaaaaaaaaaaaaaaaaaaaaaaaaaaaaaaaaaaaaaaaaaaaaa@teste.com</msg>
<var>${LONG_EMAIL}</var>
<arg>"{}@teste.com".format("a" * 100)</arg>
<doc>Evaluates the given expression in Python and returns the result.</doc>
<status status="PASS" start="2025-03-24T22:37:18.448549" elapsed="0.000997"/>
</kw>
<kw name="Evaluate" owner="BuiltIn">
<msg time="2025-03-24T22:37:18.449546" level="INFO">${LONG_PASSWORD} = PPPPPPPPPPPPPPPPPPPPPPPPPPPPPPPPPPPPPPPPPPPPPPPPPPPPPPPPPPPPPPPPPPPPPPPPPPPPPPPPPPPPPPPPPPPPPPPPPPPPP</msg>
<var>${LONG_PASSWORD}</var>
<arg>"P" * 101</arg>
<doc>Evaluates the given expression in Python and returns the result.</doc>
<status status="PASS" start="2025-03-24T22:37:18.449546" elapsed="0.000000"/>
</kw>
<kw name="Preencher Campos de Login" owner="keywords">
<kw name="Wait Until Element Is Visible" owner="SeleniumLibrary">
<msg time="2025-03-24T22:37:18.470490" level="INFO">Suppressing StaleElementReferenceException from Selenium.</msg>
<arg>${XPATH_EMAIL_INPUT}</arg>
<arg>10s</arg>
<doc>Waits until the element ``locator`` is visible.</doc>
<status status="PASS" start="2025-03-24T22:37:18.449546" elapsed="0.229387"/>
</kw>
<kw name="Input Text" owner="SeleniumLibrary">
<msg time="2025-03-24T22:37:18.678933" level="INFO">Typing text 'aaaaaaaaaaaaaaaaaaaaaaaaaaaaaaaaaaaaaaaaaaaaaaaaaaaaaaaaaaaaaaaaaaaaaaaaaaaaaaaaaaaaaaaaaaaaaaaaaaaa@teste.com' into text field 'xpath=//input[@type='email']'.</msg>
<arg>${XPATH_EMAIL_INPUT}</arg>
<arg>${email}</arg>
<doc>Types the given ``text`` into the text field identified by ``locator``.</doc>
<status status="PASS" start="2025-03-24T22:37:18.678933" elapsed="0.145611"/>
</kw>
<kw name="Wait Until Element Is Visible" owner="SeleniumLibrary">
<arg>${XPATH_PASSWORD_INPUT}</arg>
<arg>10s</arg>
<doc>Waits until the element ``locator`` is visible.</doc>
<status status="PASS" start="2025-03-24T22:37:18.824544" elapsed="0.015958"/>
</kw>
<kw name="Input Text" owner="SeleniumLibrary">
<msg time="2025-03-24T22:37:18.840502" level="INFO">Typing text 'PPPPPPPPPPPPPPPPPPPPPPPPPPPPPPPPPPPPPPPPPPPPPPPPPPPPPPPPPPPPPPPPPPPPPPPPPPPPPPPPPPPPPPPPPPPPPPPPPPPPP' into text field 'xpath=//input[@type='password']'.</msg>
<arg>${XPATH_PASSWORD_INPUT}</arg>
<arg>${senha}</arg>
<doc>Types the given ``text`` into the text field identified by ``locator``.</doc>
<status status="PASS" start="2025-03-24T22:37:18.840502" elapsed="0.132644"/>
</kw>
<arg>${LONG_EMAIL}</arg>
<arg>${LONG_PASSWORD}</arg>
<doc>Preenche os campos de e-mail e senha no formulário de login.</doc>
<status status="PASS" start="2025-03-24T22:37:18.449546" elapsed="0.523600"/>
</kw>
<kw name="Clicar Botão Signup" owner="keywords">
<kw name="Click Button" owner="SeleniumLibrary">
<msg time="2025-03-24T22:37:18.974144" level="INFO">Clicking button 'xpath=//button[contains(text(), 'Signup')]'.</msg>
<arg>${XPATH_SIGNUP_BUTTON}</arg>
<doc>Clicks the button identified by ``locator``.</doc>
<status status="PASS" start="2025-03-24T22:37:18.974144" elapsed="0.057845"/>
</kw>
<doc>Clica no botão de cadastro (Signup).</doc>
<status status="PASS" start="2025-03-24T22:37:18.973146" elapsed="0.058843"/>
</kw>
<kw name="Capture Page Screenshot" owner="SeleniumLibrary">
<msg time="2025-03-24T22:37:19.132720" level="INFO" html="true">&lt;/td&gt;&lt;/tr&gt;&lt;tr&gt;&lt;td colspan="3"&gt;&lt;a href="long_cadastro.png"&gt;&lt;img src="long_cadastro.png" width="800px"&gt;&lt;/a&gt;</msg>
<arg>long_cadastro.png</arg>
<doc>Takes a screenshot of the current page and embeds it into a log file.</doc>
<status status="PASS" start="2025-03-24T22:37:19.031989" elapsed="0.100731"/>
</kw>
<kw name="Fechar Navegador" owner="keywords">
<kw name="Close Browser" owner="SeleniumLibrary">
<doc>Closes the current browser.</doc>
<status status="PASS" start="2025-03-24T22:37:19.133718" elapsed="2.124323"/>
</kw>
<doc>Fecha o navegador.</doc>
<status status="PASS" start="2025-03-24T22:37:19.132720" elapsed="2.125321"/>
</kw>
<status status="PASS" start="2025-03-24T22:37:16.892120" elapsed="4.365921"/>
</test>
<test id="s1-s1-s1-t6" name="Cadastro - Dados Muito Curtos" line="65">
<kw name="Acessar Tela Inicial" owner="keywords">
<kw name="Open Browser" owner="SeleniumLibrary">
<msg time="2025-03-24T22:37:21.259033" level="INFO">Opening browser 'Chrome' to base url 'https://teste-estagiarios.vercel.app/'.</msg>
<arg>${URL}</arg>
<arg>${BROWSER}</arg>
<doc>Opens a new browser instance to the optional ``url``.</doc>
<status status="PASS" start="2025-03-24T22:37:21.259033" elapsed="1.346400"/>
</kw>
<kw name="Maximize Browser Window" owner="SeleniumLibrary">
<doc>Maximizes current browser window.</doc>
<status status="PASS" start="2025-03-24T22:37:22.605433" elapsed="0.020945"/>
</kw>
<kw name="Wait Until Element Is Visible" owner="SeleniumLibrary">
<arg>${XPATH_PASSWORD_AUTH}</arg>
<arg>10s</arg>
<doc>Waits until the element ``locator`` is visible.</doc>
<status status="PASS" start="2025-03-24T22:37:22.626378" elapsed="0.039893"/>
</kw>
<kw name="Click Element" owner="SeleniumLibrary">
<msg time="2025-03-24T22:37:22.667269" level="INFO">Clicking element 'xpath=//p[contains(text(), 'Password-based Authentication.')]'.</msg>
<arg>${XPATH_PASSWORD_AUTH}</arg>
<doc>Click the element identified by ``locator``.</doc>
<status status="PASS" start="2025-03-24T22:37:22.666271" elapsed="0.058842"/>
</kw>
<doc>Abre o navegador, maximiza a janela e clica no botão "Password-based Authentication."</doc>
<status status="PASS" start="2025-03-24T22:37:21.259033" elapsed="1.466080"/>
</kw>
<kw name="Wait Until Element Is Visible" owner="SeleniumLibrary">
<arg>xpath=//a[@href='/password/signup']</arg>
<arg>10s</arg>
<doc>Waits until the element ``locator`` is visible.</doc>
<status status="PASS" start="2025-03-24T22:37:22.725113" elapsed="0.017954"/>
</kw>
<kw name="Acessar Tela de Cadastro" owner="keywords">
<kw name="Wait Until Element Is Visible" owner="SeleniumLibrary">
<arg>${XPATH_CREATE_ACCOUNT}</arg>
<arg>10s</arg>
<doc>Waits until the element ``locator`` is visible.</doc>
<status status="PASS" start="2025-03-24T22:37:22.744064" elapsed="0.007979"/>
</kw>
<kw name="Click Element" owner="SeleniumLibrary">
<msg time="2025-03-24T22:37:22.752043" level="INFO">Clicking element 'xpath=//a[@href='/password/signup']'.</msg>
<arg>${XPATH_CREATE_ACCOUNT}</arg>
<doc>Click the element identified by ``locator``.</doc>
<status status="PASS" start="2025-03-24T22:37:22.752043" elapsed="0.041886"/>
</kw>
<doc>Clica no botão "Create a new account" para acessar a tela de cadastro.</doc>
<status status="PASS" start="2025-03-24T22:37:22.743067" elapsed="0.050862"/>
</kw>
<kw name="Preencher Campos de Login" owner="keywords">
<kw name="Wait Until Element Is Visible" owner="SeleniumLibrary">
<arg>${XPATH_EMAIL_INPUT}</arg>
<arg>10s</arg>
<doc>Waits until the element ``locator`` is visible.</doc>
<status status="PASS" start="2025-03-24T22:37:22.793929" elapsed="0.012966"/>
</kw>
<kw name="Input Text" owner="SeleniumLibrary">
<msg time="2025-03-24T22:37:22.806895" level="INFO">Typing text '1@1.c' into text field 'xpath=//input[@type='email']'.</msg>
<arg>${XPATH_EMAIL_INPUT}</arg>
<arg>${email}</arg>
<doc>Types the given ``text`` into the text field identified by ``locator``.</doc>
<status status="PASS" start="2025-03-24T22:37:22.806895" elapsed="0.068817"/>
</kw>
<kw name="Wait Until Element Is Visible" owner="SeleniumLibrary">
<arg>${XPATH_PASSWORD_INPUT}</arg>
<arg>10s</arg>
<doc>Waits until the element ``locator`` is visible.</doc>
<status status="PASS" start="2025-03-24T22:37:22.875712" elapsed="0.010970"/>
</kw>
<kw name="Input Text" owner="SeleniumLibrary">
<msg time="2025-03-24T22:37:22.887679" level="INFO">Typing text '1' into text field 'xpath=//input[@type='password']'.</msg>
<arg>${XPATH_PASSWORD_INPUT}</arg>
<arg>${senha}</arg>
<doc>Types the given ``text`` into the text field identified by ``locator``.</doc>
<status status="PASS" start="2025-03-24T22:37:22.886682" elapsed="0.039894"/>
</kw>
<arg>${SHORT_EMAIL}</arg>
<arg>1</arg>
<doc>Preenche os campos de e-mail e senha no formulário de login.</doc>
<status status="PASS" start="2025-03-24T22:37:22.793929" elapsed="0.132647"/>
</kw>
<kw name="Clicar Botão Signup" owner="keywords">
<kw name="Click Button" owner="SeleniumLibrary">
<msg time="2025-03-24T22:37:22.927572" level="INFO">Clicking button 'xpath=//button[contains(text(), 'Signup')]'.</msg>
<arg>${XPATH_SIGNUP_BUTTON}</arg>
<doc>Clicks the button identified by ``locator``.</doc>
<status status="PASS" start="2025-03-24T22:37:22.927572" elapsed="0.048870"/>
</kw>
<doc>Clica no botão de cadastro (Signup).</doc>
<status status="PASS" start="2025-03-24T22:37:22.926576" elapsed="0.049866"/>
</kw>
<kw name="Capture Page Screenshot" owner="SeleniumLibrary">
<msg time="2025-03-24T22:37:23.069194" level="INFO" html="true">&lt;/td&gt;&lt;/tr&gt;&lt;tr&gt;&lt;td colspan="3"&gt;&lt;a href="curto_cadastro.png"&gt;&lt;img src="curto_cadastro.png" width="800px"&gt;&lt;/a&gt;</msg>
<arg>curto_cadastro.png</arg>
<doc>Takes a screenshot of the current page and embeds it into a log file.</doc>
<status status="PASS" start="2025-03-24T22:37:22.976442" elapsed="0.092752"/>
</kw>
<kw name="Fechar Navegador" owner="keywords">
<kw name="Close Browser" owner="SeleniumLibrary">
<doc>Closes the current browser.</doc>
<status status="PASS" start="2025-03-24T22:37:23.070191" elapsed="2.097832"/>
</kw>
<doc>Fecha o navegador.</doc>
<status status="PASS" start="2025-03-24T22:37:23.070191" elapsed="2.097832"/>
</kw>
<status status="PASS" start="2025-03-24T22:37:21.259033" elapsed="3.908990"/>
</test>
<test id="s1-s1-s1-t7" name="Cadastro - E-mail Duplicado" line="74">
<kw name="Acessar Tela Inicial" owner="keywords">
<kw name="Open Browser" owner="SeleniumLibrary">
<msg time="2025-03-24T22:37:25.169021" level="INFO">Opening browser 'Chrome' to base url 'https://teste-estagiarios.vercel.app/'.</msg>
<msg time="2025-03-24T22:37:25.302376" level="INFO">Cannot capture screenshot because no browser is open.</msg>
<msg time="2025-03-24T22:37:25.302376" level="FAIL">NoSuchDriverException: Message: Unable to obtain driver for chrome; For documentation on this error, please visit: https://www.selenium.dev/documentation/webdriver/troubleshooting/errors/driver_location
</msg>
<arg>${URL}</arg>
<arg>${BROWSER}</arg>
<doc>Opens a new browser instance to the optional ``url``.</doc>
<status status="FAIL" start="2025-03-24T22:37:25.169021" elapsed="0.271962">NoSuchDriverException: Message: Unable to obtain driver for chrome; For documentation on this error, please visit: https://www.selenium.dev/documentation/webdriver/troubleshooting/errors/driver_location
</status>
</kw>
<kw name="Maximize Browser Window" owner="SeleniumLibrary">
<doc>Maximizes current browser window.</doc>
<status status="NOT RUN" start="2025-03-24T22:37:25.440983" elapsed="0.000000"/>
</kw>
<kw name="Wait Until Element Is Visible" owner="SeleniumLibrary">
<arg>${XPATH_PASSWORD_AUTH}</arg>
<arg>10s</arg>
<doc>Waits until the element ``locator`` is visible.</doc>
<status status="NOT RUN" start="2025-03-24T22:37:25.440983" elapsed="0.000000"/>
</kw>
<kw name="Click Element" owner="SeleniumLibrary">
<arg>${XPATH_PASSWORD_AUTH}</arg>
<doc>Click the element identified by ``locator``.</doc>
<status status="NOT RUN" start="2025-03-24T22:37:25.440983" elapsed="0.000000"/>
</kw>
<doc>Abre o navegador, maximiza a janela e clica no botão "Password-based Authentication."</doc>
<status status="FAIL" start="2025-03-24T22:37:25.169021" elapsed="0.271962">NoSuchDriverException: Message: Unable to obtain driver for chrome; For documentation on this error, please visit: https://www.selenium.dev/documentation/webdriver/troubleshooting/errors/driver_location
</status>
</kw>
<kw name="Acessar Tela de Cadastro" owner="keywords">
<doc>Clica no botão "Create a new account" para acessar a tela de cadastro.</doc>
<status status="NOT RUN" start="2025-03-24T22:37:25.441885" elapsed="0.000000"/>
</kw>
<kw name="Preencher Campos de Login" owner="keywords">
<arg>${VALID_EMAIL}</arg>
<arg>${STRONG_PASSWORD}</arg>
<doc>Preenche os campos de e-mail e senha no formulário de login.</doc>
<status status="NOT RUN" start="2025-03-24T22:37:25.441885" elapsed="0.000000"/>
</kw>
<kw name="Clicar Botão Signup" owner="keywords">
<doc>Clica no botão de cadastro (Signup).</doc>
<status status="NOT RUN" start="2025-03-24T22:37:25.441885" elapsed="0.000000"/>
</kw>
<kw name="Wait Until Element Is Visible" owner="SeleniumLibrary">
<arg>xpath=//p[contains(@class, 'text-center') and contains(@class, 'text-red-500') and contains(text(), 'User already exists')]</arg>
<arg>10s</arg>
<doc>Waits until the element ``locator`` is visible.</doc>
<status status="NOT RUN" start="2025-03-24T22:37:25.442884" elapsed="0.000000"/>
</kw>
<kw name="Capture Page Screenshot" owner="SeleniumLibrary">
<arg>cadastro_email_duplicado.png</arg>
<doc>Takes a screenshot of the current page and embeds it into a log file.</doc>
<status status="NOT RUN" start="2025-03-24T22:37:25.442884" elapsed="0.000000"/>
</kw>
<kw name="Fechar Navegador" owner="keywords">
<doc>Fecha o navegador.</doc>
<status status="NOT RUN" start="2025-03-24T22:37:25.442884" elapsed="0.000000"/>
</kw>
<status status="FAIL" start="2025-03-24T22:37:25.169021" elapsed="0.273863">NoSuchDriverException: Message: Unable to obtain driver for chrome; For documentation on this error, please visit: https://www.selenium.dev/documentation/webdriver/troubleshooting/errors/driver_location
</status>
</test>
<test id="s1-s1-s1-t8" name="Cadastro - Senha Muito Curta" line="83">
<kw name="Acessar Tela Inicial" owner="keywords">
<kw name="Open Browser" owner="SeleniumLibrary">
<arg>${URL}</arg>
<arg>${BROWSER}</arg>
<doc>Opens a new browser instance to the optional ``url``.</doc>
<status status="FAIL" start="2025-03-24T22:37:25.445017" elapsed="0.000000">Execution terminated by signal</status>
</kw>
<kw name="Maximize Browser Window" owner="SeleniumLibrary">
<doc>Maximizes current browser window.</doc>
<status status="NOT RUN" start="2025-03-24T22:37:25.445017" elapsed="0.000000"/>
</kw>
<kw name="Wait Until Element Is Visible" owner="SeleniumLibrary">
<arg>${XPATH_PASSWORD_AUTH}</arg>
<arg>10s</arg>
<doc>Waits until the element ``locator`` is visible.</doc>
<status status="NOT RUN" start="2025-03-24T22:37:25.445017" elapsed="0.000000"/>
</kw>
<kw name="Click Element" owner="SeleniumLibrary">
<arg>${XPATH_PASSWORD_AUTH}</arg>
<doc>Click the element identified by ``locator``.</doc>
<status status="NOT RUN" start="2025-03-24T22:37:25.445017" elapsed="0.000000"/>
</kw>
<doc>Abre o navegador, maximiza a janela e clica no botão "Password-based Authentication."</doc>
<status status="FAIL" start="2025-03-24T22:37:25.445017" elapsed="0.000998">Execution terminated by signal</status>
</kw>
<kw name="Acessar Tela de Cadastro" owner="keywords">
<doc>Clica no botão "Create a new account" para acessar a tela de cadastro.</doc>
<status status="NOT RUN" start="2025-03-24T22:37:25.446015" elapsed="0.000000"/>
</kw>
<kw name="FakerLibrary.email">
<var>${EMAIL}</var>
<status status="NOT RUN" start="2025-03-24T22:37:25.446015" elapsed="0.000000"/>
</kw>
<kw name="Preencher Campos de Login" owner="keywords">
<arg>${EMAIL}</arg>
<arg>1</arg>
<doc>Preenche os campos de e-mail e senha no formulário de login.</doc>
<status status="NOT RUN" start="2025-03-24T22:37:25.446015" elapsed="0.000000"/>
</kw>
<kw name="Clicar Botão Signup" owner="keywords">
<doc>Clica no botão de cadastro (Signup).</doc>
<status status="NOT RUN" start="2025-03-24T22:37:25.447013" elapsed="0.000000"/>
</kw>
<kw name="Capture Page Screenshot" owner="SeleniumLibrary">
<arg>cadastro_senha_curta.png</arg>
<doc>Takes a screenshot of the current page and embeds it into a log file.</doc>
<status status="NOT RUN" start="2025-03-24T22:37:25.447013" elapsed="0.000000"/>
</kw>
<kw name="Fechar Navegador" owner="keywords">
<doc>Fecha o navegador.</doc>
<status status="NOT RUN" start="2025-03-24T22:37:25.447013" elapsed="0.000000"/>
</kw>
<status status="FAIL" start="2025-03-24T22:37:25.443881" elapsed="0.003132">Execution terminated by signal</status>
</test>
<test id="s1-s1-s1-t9" name="Cadastro - Senha Insegura" line="92">
<tag>robot:exit</tag>
<status status="FAIL" start="2025-03-24T22:37:25.448011" elapsed="0.000000">Test execution stopped due to a fatal error.</status>
</test>
<test id="s1-s1-s1-t10" name="Cadastro - Senha Segura" line="101">
<tag>robot:exit</tag>
<status status="FAIL" start="2025-03-24T22:37:25.449008" elapsed="0.000000">Test execution stopped due to a fatal error.</status>
</test>
<test id="s1-s1-s1-t11" name="Cadastro - Redirecionamento Após Sucesso" line="111">
<tag>robot:exit</tag>
<status status="FAIL" start="2025-03-24T22:37:25.450005" elapsed="0.000000">Test execution stopped due to a fatal error.</status>
</test>
<status status="FAIL" start="2025-03-24T22:37:02.840387" elapsed="22.610615"/>
</suite>
<status status="FAIL" start="2025-03-24T22:37:02.838392" elapsed="22.613608"/>
</suite>
<suite id="s1-s2" name="Login" source="C:\Users\Gabriel\Desktop\Coisas de programaçao\projeto_robot\projeto_robot\tests\login">
<suite id="s1-s2-s1" name="Login" source="C:\Users\Gabriel\Desktop\Coisas de programaçao\projeto_robot\projeto_robot\tests\login\login.robot">
<test id="s1-s2-s1-t1" name="Login - Conta Existente" line="13">
<tag>robot:exit</tag>
<status status="FAIL" start="2025-03-24T22:37:25.453994" elapsed="0.000000">Test execution stopped due to a fatal error.</status>
</test>
<test id="s1-s2-s1-t2" name="Login - Credenciais Incorretas" line="21">
<tag>robot:exit</tag>
<status status="FAIL" start="2025-03-24T22:37:25.453994" elapsed="0.000998">Test execution stopped due to a fatal error.</status>
</test>
<test id="s1-s2-s1-t3" name="Login - Conta Inexistente" line="29">
<tag>robot:exit</tag>
<status status="FAIL" start="2025-03-24T22:37:25.454992" elapsed="0.000000">Test execution stopped due to a fatal error.</status>
</test>
<test id="s1-s2-s1-t4" name="Login - Campos Vazios" line="37">
<tag>robot:exit</tag>
<status status="FAIL" start="2025-03-24T22:37:25.455989" elapsed="0.000000">Test execution stopped due to a fatal error.</status>
</test>
<test id="s1-s2-s1-t5" name="Login - E-mail Incorreto" line="45">
<tag>robot:exit</tag>
<status status="FAIL" start="2025-03-24T22:37:25.455989" elapsed="0.000997">Test execution stopped due to a fatal error.</status>
</test>
<test id="s1-s2-s1-t6" name="Login - Senha Vazia" line="53">
<tag>robot:exit</tag>
<status status="FAIL" start="2025-03-24T22:37:25.456986" elapsed="0.000000">Test execution stopped due to a fatal error.</status>
</test>
<test id="s1-s2-s1-t7" name="Login - E-mail Vazio" line="62">
<tag>robot:exit</tag>
<status status="FAIL" start="2025-03-24T22:37:25.457984" elapsed="0.000000">Test execution stopped due to a fatal error.</status>
</test>
<test id="s1-s2-s1-t8" name="Login - E-mail Inválido" line="71">
<tag>robot:exit</tag>
<status status="FAIL" start="2025-03-24T22:37:25.458981" elapsed="0.000000">Test execution stopped due to a fatal error.</status>
</test>
<test id="s1-s2-s1-t9" name="Login - Senha Incorreta" line="80">
<tag>robot:exit</tag>
<status status="FAIL" start="2025-03-24T22:37:25.459979" elapsed="0.000000">Test execution stopped due to a fatal error.</status>
</test>
<test id="s1-s2-s1-t10" name="Login - E-mail Existente e Senha Correta" line="88">
<tag>robot:exit</tag>
<status status="FAIL" start="2025-03-24T22:37:25.459979" elapsed="0.000996">Test execution stopped due to a fatal error.</status>
</test>
<test id="s1-s2-s1-t11" name="Login - Redirecionamento Após Sucesso" line="96">
<tag>robot:exit</tag>
<status status="FAIL" start="2025-03-24T22:37:25.460975" elapsed="0.000000">Test execution stopped due to a fatal error.</status>
</test>
<status status="FAIL" start="2025-03-24T22:37:25.452997" elapsed="0.008975"/>
</suite>
<status status="FAIL" start="2025-03-24T22:37:25.452997" elapsed="0.008975"/>
</suite>
<status status="FAIL" start="2025-03-24T22:37:02.812584" elapsed="22.650386"/>
</suite>
<statistics>
<total>
<stat pass="4" fail="18" skip="0">All Tests</stat>
</total>
<tag>
<stat info="combined" combined="NOT robot:exit" pass="4" fail="4" skip="0">NOT robot:exit</stat>
</tag>
<suite>
<stat name="Tests" id="s1" pass="4" fail="18" skip="0">Tests</stat>
<stat name="Cadastro" id="s1-s1" pass="4" fail="7" skip="0">Tests.Cadastro</stat>
<stat name="Cadastro" id="s1-s1-s1" pass="4" fail="7" skip="0">Tests.Cadastro.Cadastro</stat>
<stat name="Login" id="s1-s2" pass="0" fail="11" skip="0">Tests.Login</stat>
<stat name="Login" id="s1-s2-s1" pass="0" fail="11" skip="0">Tests.Login.Login</stat>
</suite>
</statistics>
<errors>
<msg time="2025-03-24T22:37:03.133403" level="ERROR">Error in file 'C:\Users\Gabriel\Desktop\Coisas de programaçao\projeto_robot\projeto_robot\tests\cadastro\cadastro.robot' on line 3: Importing library 'FakerLibrary' failed: ModuleNotFoundError: No module named 'FakerLibrary'
Traceback (most recent call last):
  None
PYTHONPATH:
  C:\Users\Gabriel\Desktop\Coisas de programaçao\projeto_robot\projeto_robot
  C:\Python311\python311.zip
  C:\Python311\DLLs
  C:\Python311\Lib
  C:\Python311
  C:\Python311\Lib\site-packages</msg>
<msg time="2025-03-24T22:37:03.150330" level="ERROR">Error in file 'C:\Users\Gabriel\Desktop\Coisas de programaçao\projeto_robot\projeto_robot\resources\keywords\keywords.robot' on line 3: Importing library 'FakerLibrary' failed: ModuleNotFoundError: No module named 'FakerLibrary'
Traceback (most recent call last):
  None
PYTHONPATH:
  C:\Users\Gabriel\Desktop\Coisas de programaçao\projeto_robot\projeto_robot
  C:\Python311\python311.zip
  C:\Python311\DLLs
  C:\Python311\Lib
  C:\Python311
  C:\Python311\Lib\site-packages</msg>
</errors>
</robot>
